{
    "D:\\smartegic-frontend\\src\\components\\index.ts": {
        "path": "D:\\smartegic-frontend\\src\\components\\index.ts",
        "statementMap": {},
        "fnMap": {},
        "branchMap": {},
        "s": {},
        "f": {},
        "b": {},
        "_coverageSchema": "1a1c01bbd47fc00a2c39e90264f33305004495a9",
        "hash": "02fe1cd663fe2a730ea3dd74a76ea7d2d6837d93"
    },
    "D:\\smartegic-frontend\\src\\components\\button\\index.tsx": {
        "path": "D:\\smartegic-frontend\\src\\components\\button\\index.tsx",
        "statementMap": {
            "0": {
                "start": { "line": 8, "column": 41 },
                "end": { "line": 22, "column": 1 }
            },
            "1": {
                "start": { "line": 13, "column": 4 },
                "end": { "line": 21, "column": 6 }
            }
        },
        "fnMap": {
            "0": {
                "name": "(anonymous_0)",
                "decl": {
                    "start": { "line": 8, "column": 41 },
                    "end": { "line": 8, "column": 42 }
                },
                "loc": {
                    "start": { "line": 12, "column": 6 },
                    "end": { "line": 22, "column": 1 }
                },
                "line": 12
            }
        },
        "branchMap": {
            "0": {
                "loc": {
                    "start": { "line": 9, "column": 4 },
                    "end": { "line": 9, "column": 18 }
                },
                "type": "default-arg",
                "locations": [
                    {
                        "start": { "line": 9, "column": 16 },
                        "end": { "line": 9, "column": 18 }
                    }
                ],
                "line": 9
            }
        },
        "s": { "0": 3, "1": 5 },
        "f": { "0": 5 },
        "b": { "0": [5] },
        "_coverageSchema": "1a1c01bbd47fc00a2c39e90264f33305004495a9",
        "hash": "cf0d72898df929a31546a4b83c80433747c21bed"
    },
    "D:\\smartegic-frontend\\src\\components\\cards\\index.tsx": {
        "path": "D:\\smartegic-frontend\\src\\components\\cards\\index.tsx",
        "statementMap": {
            "0": {
                "start": { "line": 5, "column": 31 },
                "end": { "line": 24, "column": 1 }
            },
            "1": {
                "start": { "line": 6, "column": 4 },
                "end": { "line": 23, "column": 6 }
            },
            "2": {
                "start": { "line": 10, "column": 20 },
                "end": { "line": 19, "column": 26 }
            }
        },
        "fnMap": {
            "0": {
                "name": "(anonymous_0)",
                "decl": {
                    "start": { "line": 5, "column": 31 },
                    "end": { "line": 5, "column": 32 }
                },
                "loc": {
                    "start": { "line": 5, "column": 37 },
                    "end": { "line": 24, "column": 1 }
                },
                "line": 5
            },
            "1": {
                "name": "(anonymous_1)",
                "decl": {
                    "start": { "line": 9, "column": 43 },
                    "end": { "line": 9, "column": 44 }
                },
                "loc": {
                    "start": { "line": 10, "column": 20 },
                    "end": { "line": 19, "column": 26 }
                },
                "line": 10
            }
        },
        "branchMap": {
            "0": {
                "loc": {
                    "start": { "line": 9, "column": 18 },
                    "end": { "line": 9, "column": 37 }
                },
                "type": "binary-expr",
                "locations": [
                    {
                        "start": { "line": 9, "column": 18 },
                        "end": { "line": 9, "column": 31 }
                    },
                    {
                        "start": { "line": 9, "column": 35 },
                        "end": { "line": 9, "column": 37 }
                    }
                ],
                "line": 9
            }
        },
        "s": { "0": 3, "1": 2, "2": 34 },
        "f": { "0": 2, "1": 34 },
        "b": { "0": [2, 0] },
        "_coverageSchema": "1a1c01bbd47fc00a2c39e90264f33305004495a9",
        "hash": "01c40713f63479acf74fe7366f20d0c7c5dccd92"
    },
    "D:\\smartegic-frontend\\src\\components\\container\\index.tsx": {
        "path": "D:\\smartegic-frontend\\src\\components\\container\\index.tsx",
        "statementMap": {
            "0": {
                "start": { "line": 3, "column": 35 },
                "end": { "line": 5, "column": 1 }
            },
            "1": {
                "start": { "line": 4, "column": 4 },
                "end": { "line": 4, "column": 72 }
            }
        },
        "fnMap": {
            "0": {
                "name": "(anonymous_0)",
                "decl": {
                    "start": { "line": 3, "column": 35 },
                    "end": { "line": 3, "column": 36 }
                },
                "loc": {
                    "start": { "line": 3, "column": 53 },
                    "end": { "line": 5, "column": 1 }
                },
                "line": 3
            }
        },
        "branchMap": {},
        "s": { "0": 3, "1": 1 },
        "f": { "0": 1 },
        "b": {},
        "_coverageSchema": "1a1c01bbd47fc00a2c39e90264f33305004495a9",
        "hash": "36a70b51f1caef342d7c2f3517f35146df9aec59"
    },
    "D:\\smartegic-frontend\\src\\components\\examples\\axios\\index.tsx": {
        "path": "D:\\smartegic-frontend\\src\\components\\examples\\axios\\index.tsx",
        "statementMap": {
            "0": {
                "start": { "line": 11, "column": 21 },
                "end": { "line": 11, "column": 61 }
            },
            "1": {
                "start": { "line": 13, "column": 16 },
                "end": { "line": 13, "column": 43 }
            },
            "2": {
                "start": { "line": 15, "column": 17 },
                "end": { "line": 17, "column": 2 }
            },
            "3": {
                "start": { "line": 19, "column": 28 },
                "end": { "line": 77, "column": 1 }
            },
            "4": {
                "start": { "line": 20, "column": 30 },
                "end": { "line": 20, "column": 44 }
            },
            "5": {
                "start": { "line": 21, "column": 36 },
                "end": { "line": 21, "column": 51 }
            },
            "6": {
                "start": { "line": 22, "column": 28 },
                "end": { "line": 22, "column": 40 }
            },
            "7": {
                "start": { "line": 27, "column": 4 },
                "end": { "line": 46, "column": 11 }
            },
            "8": {
                "start": { "line": 28, "column": 8 },
                "end": { "line": 45, "column": 14 }
            },
            "9": {
                "start": { "line": 32, "column": 27 },
                "end": { "line": 32, "column": 35 }
            },
            "10": {
                "start": { "line": 35, "column": 20 },
                "end": { "line": 35, "column": 36 }
            },
            "11": {
                "start": { "line": 36, "column": 20 },
                "end": { "line": 36, "column": 38 }
            },
            "12": {
                "start": { "line": 42, "column": 20 },
                "end": { "line": 42, "column": 38 }
            },
            "13": {
                "start": { "line": 43, "column": 20 },
                "end": { "line": 43, "column": 36 }
            },
            "14": {
                "start": { "line": 48, "column": 4 },
                "end": { "line": 50, "column": 5 }
            },
            "15": {
                "start": { "line": 49, "column": 8 },
                "end": { "line": 49, "column": 49 }
            },
            "16": {
                "start": { "line": 52, "column": 4 },
                "end": { "line": 54, "column": 5 }
            },
            "17": {
                "start": { "line": 53, "column": 8 },
                "end": { "line": 53, "column": 37 }
            },
            "18": {
                "start": { "line": 56, "column": 4 },
                "end": { "line": 76, "column": 6 }
            }
        },
        "fnMap": {
            "0": {
                "name": "(anonymous_0)",
                "decl": {
                    "start": { "line": 19, "column": 28 },
                    "end": { "line": 19, "column": 29 }
                },
                "loc": {
                    "start": { "line": 19, "column": 34 },
                    "end": { "line": 77, "column": 1 }
                },
                "line": 19
            },
            "1": {
                "name": "(anonymous_1)",
                "decl": {
                    "start": { "line": 27, "column": 14 },
                    "end": { "line": 27, "column": 15 }
                },
                "loc": {
                    "start": { "line": 27, "column": 20 },
                    "end": { "line": 46, "column": 5 }
                },
                "line": 27
            },
            "2": {
                "name": "(anonymous_2)",
                "decl": {
                    "start": { "line": 32, "column": 18 },
                    "end": { "line": 32, "column": 19 }
                },
                "loc": {
                    "start": { "line": 32, "column": 27 },
                    "end": { "line": 32, "column": 35 }
                },
                "line": 32
            },
            "3": {
                "name": "(anonymous_3)",
                "decl": {
                    "start": { "line": 34, "column": 16 },
                    "end": { "line": 34, "column": 17 }
                },
                "loc": {
                    "start": { "line": 34, "column": 28 },
                    "end": { "line": 37, "column": 17 }
                },
                "line": 34
            },
            "4": {
                "name": "(anonymous_4)",
                "decl": {
                    "start": { "line": 41, "column": 16 },
                    "end": { "line": 41, "column": 17 }
                },
                "loc": {
                    "start": { "line": 41, "column": 27 },
                    "end": { "line": 44, "column": 17 }
                },
                "line": 41
            }
        },
        "branchMap": {
            "0": {
                "loc": {
                    "start": { "line": 48, "column": 4 },
                    "end": { "line": 50, "column": 5 }
                },
                "type": "if",
                "locations": [
                    {
                        "start": { "line": 48, "column": 4 },
                        "end": { "line": 50, "column": 5 }
                    },
                    { "start": {}, "end": {} }
                ],
                "line": 48
            },
            "1": {
                "loc": {
                    "start": { "line": 52, "column": 4 },
                    "end": { "line": 54, "column": 5 }
                },
                "type": "if",
                "locations": [
                    {
                        "start": { "line": 52, "column": 4 },
                        "end": { "line": 54, "column": 5 }
                    },
                    { "start": {}, "end": {} }
                ],
                "line": 52
            }
        },
        "s": {
            "0": 1,
            "1": 1,
            "2": 1,
            "3": 1,
            "4": 3,
            "5": 3,
            "6": 3,
            "7": 3,
            "8": 1,
            "9": 1,
            "10": 1,
            "11": 1,
            "12": 0,
            "13": 0,
            "14": 3,
            "15": 0,
            "16": 3,
            "17": 2,
            "18": 1
        },
        "f": { "0": 3, "1": 1, "2": 1, "3": 1, "4": 0 },
        "b": { "0": [0, 3], "1": [2, 1] },
        "_coverageSchema": "1a1c01bbd47fc00a2c39e90264f33305004495a9",
        "hash": "49d55dc410621c95c67a802155566d6886dc48bd"
    },
    "D:\\smartegic-frontend\\src\\components\\examples\\axios\\mocks.ts": {
        "path": "D:\\smartegic-frontend\\src\\components\\examples\\axios\\mocks.ts",
        "statementMap": {
            "0": {
                "start": { "line": 3, "column": 28 },
                "end": { "line": 10, "column": 1 }
            },
            "1": {
                "start": { "line": 12, "column": 0 },
                "end": { "line": 14, "column": 30 }
            }
        },
        "fnMap": {},
        "branchMap": {},
        "s": { "0": 1, "1": 1 },
        "f": {},
        "b": {},
        "_coverageSchema": "1a1c01bbd47fc00a2c39e90264f33305004495a9",
        "hash": "d09422661ecb14a6c5ab9b6c8ad70c0ea60dd2cf"
    },
    "D:\\smartegic-frontend\\src\\components\\examples\\fetch\\index.tsx": {
        "path": "D:\\smartegic-frontend\\src\\components\\examples\\fetch\\index.tsx",
        "statementMap": {
            "0": {
                "start": { "line": 8, "column": 4 },
                "end": { "line": 8, "column": 68 }
            },
            "1": {
                "start": { "line": 10, "column": 28 },
                "end": { "line": 68, "column": 1 }
            },
            "2": {
                "start": { "line": 11, "column": 30 },
                "end": { "line": 11, "column": 44 }
            },
            "3": {
                "start": { "line": 12, "column": 36 },
                "end": { "line": 12, "column": 51 }
            },
            "4": {
                "start": { "line": 13, "column": 28 },
                "end": { "line": 13, "column": 40 }
            },
            "5": {
                "start": { "line": 15, "column": 4 },
                "end": { "line": 15, "column": 32 }
            },
            "6": {
                "start": { "line": 19, "column": 4 },
                "end": { "line": 39, "column": 11 }
            },
            "7": {
                "start": { "line": 20, "column": 8 },
                "end": { "line": 38, "column": 14 }
            },
            "8": {
                "start": { "line": 22, "column": 16 },
                "end": { "line": 22, "column": 42 }
            },
            "9": {
                "start": { "line": 23, "column": 16 },
                "end": { "line": 23, "column": 34 }
            },
            "10": {
                "start": { "line": 27, "column": 20 },
                "end": { "line": 27, "column": 52 }
            },
            "11": {
                "start": { "line": 28, "column": 20 },
                "end": { "line": 28, "column": 36 }
            },
            "12": {
                "start": { "line": 29, "column": 20 },
                "end": { "line": 29, "column": 38 }
            },
            "13": {
                "start": { "line": 35, "column": 20 },
                "end": { "line": 35, "column": 38 }
            },
            "14": {
                "start": { "line": 36, "column": 20 },
                "end": { "line": 36, "column": 36 }
            },
            "15": {
                "start": { "line": 41, "column": 4 },
                "end": { "line": 67, "column": 5 }
            },
            "16": {
                "start": { "line": 42, "column": 8 },
                "end": { "line": 42, "column": 49 }
            },
            "17": {
                "start": { "line": 43, "column": 11 },
                "end": { "line": 67, "column": 5 }
            },
            "18": {
                "start": { "line": 44, "column": 8 },
                "end": { "line": 44, "column": 37 }
            },
            "19": {
                "start": { "line": 46, "column": 8 },
                "end": { "line": 66, "column": 10 }
            }
        },
        "fnMap": {
            "0": {
                "name": "(anonymous_0)",
                "decl": {
                    "start": { "line": 10, "column": 28 },
                    "end": { "line": 10, "column": 29 }
                },
                "loc": {
                    "start": { "line": 10, "column": 34 },
                    "end": { "line": 68, "column": 1 }
                },
                "line": 10
            },
            "1": {
                "name": "(anonymous_1)",
                "decl": {
                    "start": { "line": 19, "column": 14 },
                    "end": { "line": 19, "column": 15 }
                },
                "loc": {
                    "start": { "line": 19, "column": 20 },
                    "end": { "line": 39, "column": 5 }
                },
                "line": 19
            },
            "2": {
                "name": "(anonymous_2)",
                "decl": {
                    "start": { "line": 21, "column": 18 },
                    "end": { "line": 21, "column": 19 }
                },
                "loc": {
                    "start": { "line": 21, "column": 27 },
                    "end": { "line": 24, "column": 13 }
                },
                "line": 21
            },
            "3": {
                "name": "(anonymous_3)",
                "decl": {
                    "start": { "line": 26, "column": 16 },
                    "end": { "line": 26, "column": 17 }
                },
                "loc": {
                    "start": { "line": 26, "column": 28 },
                    "end": { "line": 30, "column": 17 }
                },
                "line": 26
            },
            "4": {
                "name": "(anonymous_4)",
                "decl": {
                    "start": { "line": 34, "column": 16 },
                    "end": { "line": 34, "column": 17 }
                },
                "loc": {
                    "start": { "line": 34, "column": 27 },
                    "end": { "line": 37, "column": 17 }
                },
                "line": 34
            }
        },
        "branchMap": {
            "0": {
                "loc": {
                    "start": { "line": 41, "column": 4 },
                    "end": { "line": 67, "column": 5 }
                },
                "type": "if",
                "locations": [
                    {
                        "start": { "line": 41, "column": 4 },
                        "end": { "line": 67, "column": 5 }
                    },
                    {
                        "start": { "line": 43, "column": 11 },
                        "end": { "line": 67, "column": 5 }
                    }
                ],
                "line": 41
            },
            "1": {
                "loc": {
                    "start": { "line": 43, "column": 11 },
                    "end": { "line": 67, "column": 5 }
                },
                "type": "if",
                "locations": [
                    {
                        "start": { "line": 43, "column": 11 },
                        "end": { "line": 67, "column": 5 }
                    },
                    {
                        "start": { "line": 45, "column": 11 },
                        "end": { "line": 67, "column": 5 }
                    }
                ],
                "line": 43
            }
        },
        "s": {
            "0": 1,
            "1": 1,
            "2": 3,
            "3": 3,
            "4": 3,
            "5": 3,
            "6": 3,
            "7": 1,
            "8": 1,
            "9": 1,
            "10": 1,
            "11": 1,
            "12": 1,
            "13": 0,
            "14": 0,
            "15": 3,
            "16": 0,
            "17": 3,
            "18": 2,
            "19": 1
        },
        "f": { "0": 3, "1": 1, "2": 1, "3": 1, "4": 0 },
        "b": { "0": [0, 3], "1": [2, 1] },
        "_coverageSchema": "1a1c01bbd47fc00a2c39e90264f33305004495a9",
        "hash": "fe4ee2cce777b30ac3304e29c4e8e69defeb21a9"
    },
    "D:\\smartegic-frontend\\src\\components\\examples\\fetch\\mocks.ts": {
        "path": "D:\\smartegic-frontend\\src\\components\\examples\\fetch\\mocks.ts",
        "statementMap": {
            "0": {
                "start": { "line": 3, "column": 28 },
                "end": { "line": 10, "column": 1 }
            },
            "1": {
                "start": { "line": 12, "column": 0 },
                "end": { "line": 14, "column": 30 }
            }
        },
        "fnMap": {},
        "branchMap": {},
        "s": { "0": 1, "1": 1 },
        "f": {},
        "b": {},
        "_coverageSchema": "1a1c01bbd47fc00a2c39e90264f33305004495a9",
        "hash": "d4c851db0612e4e79a7cbedd20ceab22912aa8ee"
    },
    "D:\\smartegic-frontend\\src\\components\\examples\\testing-library\\index.tsx": {
        "path": "D:\\smartegic-frontend\\src\\components\\examples\\testing-library\\index.tsx",
        "statementMap": {
            "0": {
                "start": { "line": 3, "column": 72 },
                "end": { "line": 58, "column": 1 }
            },
            "1": {
                "start": { "line": 6, "column": 4 },
                "end": { "line": 57, "column": 6 }
            }
        },
        "fnMap": {
            "0": {
                "name": "(anonymous_0)",
                "decl": {
                    "start": { "line": 3, "column": 72 },
                    "end": { "line": 3, "column": 73 }
                },
                "loc": {
                    "start": { "line": 5, "column": 6 },
                    "end": { "line": 58, "column": 1 }
                },
                "line": 5
            }
        },
        "branchMap": {},
        "s": { "0": 1, "1": 2 },
        "f": { "0": 2 },
        "b": {},
        "_coverageSchema": "1a1c01bbd47fc00a2c39e90264f33305004495a9",
        "hash": "689af0f76401a74137c722d6afed33061076c89b"
    },
    "D:\\smartegic-frontend\\src\\components\\footer\\index.tsx": {
        "path": "D:\\smartegic-frontend\\src\\components\\footer\\index.tsx",
        "statementMap": {
            "0": {
                "start": { "line": 4, "column": 32 },
                "end": { "line": 60, "column": 1 }
            },
            "1": {
                "start": { "line": 5, "column": 4 },
                "end": { "line": 59, "column": 6 }
            }
        },
        "fnMap": {
            "0": {
                "name": "(anonymous_0)",
                "decl": {
                    "start": { "line": 4, "column": 32 },
                    "end": { "line": 4, "column": 33 }
                },
                "loc": {
                    "start": { "line": 4, "column": 38 },
                    "end": { "line": 60, "column": 1 }
                },
                "line": 4
            }
        },
        "branchMap": {},
        "s": { "0": 3, "1": 4 },
        "f": { "0": 4 },
        "b": {},
        "_coverageSchema": "1a1c01bbd47fc00a2c39e90264f33305004495a9",
        "hash": "46397d2648632f57b200d09111ac5ade97a5f4b9"
    },
    "D:\\smartegic-frontend\\src\\components\\header\\index.tsx": {
        "path": "D:\\smartegic-frontend\\src\\components\\header\\index.tsx",
        "statementMap": {
            "0": {
                "start": { "line": 5, "column": 32 },
                "end": { "line": 11, "column": 1 }
            },
            "1": {
                "start": { "line": 6, "column": 4 },
                "end": { "line": 10, "column": 6 }
            }
        },
        "fnMap": {
            "0": {
                "name": "(anonymous_0)",
                "decl": {
                    "start": { "line": 5, "column": 32 },
                    "end": { "line": 5, "column": 33 }
                },
                "loc": {
                    "start": { "line": 5, "column": 38 },
                    "end": { "line": 11, "column": 1 }
                },
                "line": 5
            }
        },
        "branchMap": {},
        "s": { "0": 2, "1": 2 },
        "f": { "0": 2 },
        "b": {},
        "_coverageSchema": "1a1c01bbd47fc00a2c39e90264f33305004495a9",
        "hash": "d8be8c0acdea83a85da4a04eb2ce80a038a2bd66"
    },
    "D:\\smartegic-frontend\\src\\components\\logo\\index.tsx": {
        "path": "D:\\smartegic-frontend\\src\\components\\logo\\index.tsx",
        "statementMap": {
            "0": {
                "start": { "line": 4, "column": 30 },
                "end": { "line": 13, "column": 1 }
            },
            "1": {
                "start": { "line": 5, "column": 4 },
                "end": { "line": 12, "column": 6 }
            }
        },
        "fnMap": {
            "0": {
                "name": "(anonymous_0)",
                "decl": {
                    "start": { "line": 4, "column": 30 },
                    "end": { "line": 4, "column": 31 }
                },
                "loc": {
                    "start": { "line": 4, "column": 36 },
                    "end": { "line": 13, "column": 1 }
                },
                "line": 4
            }
        },
        "branchMap": {},
        "s": { "0": 3, "1": 4 },
        "f": { "0": 4 },
        "b": {},
        "_coverageSchema": "1a1c01bbd47fc00a2c39e90264f33305004495a9",
        "hash": "7cd85e5d1fdeb6698f5da5e59ab0851f2b855f81"
    },
    "D:\\smartegic-frontend\\src\\components\\main\\index.tsx": {
        "path": "D:\\smartegic-frontend\\src\\components\\main\\index.tsx",
        "statementMap": {
            "0": {
                "start": { "line": 5, "column": 30 },
                "end": { "line": 80, "column": 1 }
            },
            "1": {
                "start": { "line": 6, "column": 4 },
                "end": { "line": 79, "column": 6 }
            }
        },
        "fnMap": {
            "0": {
                "name": "(anonymous_0)",
                "decl": {
                    "start": { "line": 5, "column": 30 },
                    "end": { "line": 5, "column": 31 }
                },
                "loc": {
                    "start": { "line": 5, "column": 36 },
                    "end": { "line": 80, "column": 1 }
                },
                "line": 5
            }
        },
        "branchMap": {},
        "s": { "0": 2, "1": 3 },
        "f": { "0": 3 },
        "b": {},
        "_coverageSchema": "1a1c01bbd47fc00a2c39e90264f33305004495a9",
        "hash": "85a3d9cfcefce966218109c6fa40e0b79eccedec"
    },
    "D:\\smartegic-frontend\\src\\redux\\actions.ts": {
        "path": "D:\\smartegic-frontend\\src\\redux\\actions.ts",
        "statementMap": {},
        "fnMap": {},
        "branchMap": {},
        "s": {},
        "f": {},
        "b": {},
        "_coverageSchema": "1a1c01bbd47fc00a2c39e90264f33305004495a9",
        "hash": "433dbf5ab8d7cc1ff9d1dcfe3f85b7f4a933e4f5"
    },
    "D:\\smartegic-frontend\\src\\redux\\reducers.ts": {
        "path": "D:\\smartegic-frontend\\src\\redux\\reducers.ts",
        "statementMap": {
            "0": {
                "start": { "line": 5, "column": 20 },
                "end": { "line": 5, "column": 48 }
            }
        },
        "fnMap": {},
        "branchMap": {},
        "s": { "0": 11 },
        "f": {},
        "b": {},
        "_coverageSchema": "1a1c01bbd47fc00a2c39e90264f33305004495a9",
        "hash": "4a1e456f50cfede973b88aa43e38f40aa5d92d0b"
    },
    "D:\\smartegic-frontend\\src\\redux\\store.ts": {
        "path": "D:\\smartegic-frontend\\src\\redux\\store.ts",
        "statementMap": {
            "0": {
                "start": { "line": 6, "column": 14 },
                "end": { "line": 6, "column": 54 }
            },
            "1": {
                "start": { "line": 9, "column": 30 },
                "end": { "line": 9, "column": 62 }
            },
            "2": {
                "start": { "line": 9, "column": 36 },
                "end": { "line": 9, "column": 62 }
            }
        },
        "fnMap": {
            "0": {
                "name": "(anonymous_0)",
                "decl": {
                    "start": { "line": 9, "column": 30 },
                    "end": { "line": 9, "column": 31 }
                },
                "loc": {
                    "start": { "line": 9, "column": 36 },
                    "end": { "line": 9, "column": 62 }
                },
                "line": 9
            }
        },
        "branchMap": {},
        "s": { "0": 11, "1": 11, "2": 0 },
        "f": { "0": 0 },
        "b": {},
        "_coverageSchema": "1a1c01bbd47fc00a2c39e90264f33305004495a9",
        "hash": "f70023ededc98b2259f15916408d1481a9fadc16"
    },
    "D:\\smartegic-frontend\\src\\redux\\slices\\counter\\index.ts": {
        "path": "D:\\smartegic-frontend\\src\\redux\\slices\\counter\\index.ts",
        "statementMap": {
            "0": {
                "start": { "line": 7, "column": 31 },
                "end": { "line": 9, "column": 1 }
            },
            "1": {
                "start": { "line": 11, "column": 21 },
                "end": { "line": 22, "column": 2 }
            },
            "2": {
                "start": { "line": 16, "column": 12 },
                "end": { "line": 16, "column": 26 }
            },
            "3": {
                "start": { "line": 19, "column": 12 },
                "end": { "line": 19, "column": 26 }
            },
            "4": {
                "start": { "line": 24, "column": 38 },
                "end": { "line": 24, "column": 58 }
            }
        },
        "fnMap": {
            "0": {
                "name": "(anonymous_0)",
                "decl": {
                    "start": { "line": 15, "column": 18 },
                    "end": { "line": 15, "column": 19 }
                },
                "loc": {
                    "start": { "line": 15, "column": 29 },
                    "end": { "line": 17, "column": 9 }
                },
                "line": 15
            },
            "1": {
                "name": "(anonymous_1)",
                "decl": {
                    "start": { "line": 18, "column": 18 },
                    "end": { "line": 18, "column": 19 }
                },
                "loc": {
                    "start": { "line": 18, "column": 29 },
                    "end": { "line": 20, "column": 9 }
                },
                "line": 18
            }
        },
        "branchMap": {},
        "s": { "0": 13, "1": 13, "2": 1, "3": 1, "4": 13 },
        "f": { "0": 1, "1": 1 },
        "b": {},
        "_coverageSchema": "1a1c01bbd47fc00a2c39e90264f33305004495a9",
        "hash": "a2504d456c0fea6eb2ea581912d7206025951fbd"
    },
    "D:\\smartegic-frontend\\test\\index.tsx": {
        "path": "D:\\smartegic-frontend\\test\\index.tsx",
        "statementMap": {
            "0": {
                "start": { "line": 20, "column": 31 },
                "end": { "line": 30, "column": 1 }
            },
            "1": {
                "start": { "line": 21, "column": 24 },
                "end": { "line": 21, "column": 41 }
            },
            "2": {
                "start": { "line": 23, "column": 4 },
                "end": { "line": 29, "column": 6 }
            },
            "3": {
                "start": { "line": 32, "column": 15 },
                "end": { "line": 33, "column": 76 }
            },
            "4": {
                "start": { "line": 33, "column": 4 },
                "end": { "line": 33, "column": 76 }
            }
        },
        "fnMap": {
            "0": {
                "name": "(anonymous_0)",
                "decl": {
                    "start": { "line": 20, "column": 31 },
                    "end": { "line": 20, "column": 32 }
                },
                "loc": {
                    "start": { "line": 20, "column": 49 },
                    "end": { "line": 30, "column": 1 }
                },
                "line": 20
            },
            "1": {
                "name": "(anonymous_1)",
                "decl": {
                    "start": { "line": 32, "column": 15 },
                    "end": { "line": 32, "column": 16 }
                },
                "loc": {
                    "start": { "line": 33, "column": 4 },
                    "end": { "line": 33, "column": 76 }
                },
                "line": 33
            }
        },
        "branchMap": {},
        "s": { "0": 10, "1": 17, "2": 17, "3": 10, "4": 17 },
        "f": { "0": 17, "1": 17 },
        "b": {},
        "_coverageSchema": "1a1c01bbd47fc00a2c39e90264f33305004495a9",
        "hash": "4ad9d63b4a8e3017b00b3b14415496f3672619cb"
    }
}
