{
    "D:\\smartegic-frontend\\i18n.config.ts": {
        "path": "D:\\smartegic-frontend\\i18n.config.ts",
        "all": false,
        "statementMap": {
            "0": {
                "start": { "line": 1, "column": 0 },
                "end": { "line": 1, "column": 21 }
            },
            "1": {
                "start": { "line": 2, "column": 0 },
                "end": { "line": 2, "column": 24 }
            },
            "2": {
                "start": { "line": 3, "column": 0 },
                "end": { "line": 3, "column": 26 }
            },
            "3": {
                "start": { "line": 4, "column": 0 },
                "end": { "line": 4, "column": 11 }
            },
            "4": {
                "start": { "line": 5, "column": 0 },
                "end": { "line": 5, "column": 0 }
            },
            "5": {
                "start": { "line": 6, "column": 0 },
                "end": { "line": 6, "column": 54 }
            }
        },
        "s": { "0": 1, "1": 1, "2": 1, "3": 1, "4": 1, "5": 1 },
        "branchMap": {},
        "b": {},
        "fnMap": {},
        "f": {}
    },
    "D:\\smartegic-frontend\\src\\app\\_components\\index.ts": {
        "path": "D:\\smartegic-frontend\\src\\app\\_components\\index.ts",
        "all": false,
        "statementMap": {
            "0": {
                "start": { "line": 1, "column": 0 },
                "end": { "line": 1, "column": 34 }
            },
            "1": {
                "start": { "line": 2, "column": 0 },
                "end": { "line": 2, "column": 32 }
            },
            "2": {
                "start": { "line": 3, "column": 0 },
                "end": { "line": 3, "column": 40 }
            },
            "3": {
                "start": { "line": 4, "column": 0 },
                "end": { "line": 4, "column": 34 }
            },
            "4": {
                "start": { "line": 5, "column": 0 },
                "end": { "line": 5, "column": 34 }
            },
            "5": {
                "start": { "line": 6, "column": 0 },
                "end": { "line": 6, "column": 30 }
            },
            "6": {
                "start": { "line": 7, "column": 0 },
                "end": { "line": 7, "column": 30 }
            }
        },
        "s": { "0": 1, "1": 1, "2": 1, "3": 1, "4": 1, "5": 1, "6": 1 },
        "branchMap": {},
        "b": {},
        "fnMap": {},
        "f": {}
    },
    "D:\\smartegic-frontend\\src\\app\\_components\\button\\index.tsx": {
        "path": "D:\\smartegic-frontend\\src\\app\\_components\\button\\index.tsx",
        "all": false,
        "statementMap": {
            "0": {
                "start": { "line": 1, "column": 0 },
                "end": { "line": 1, "column": 26 }
            },
            "1": {
                "start": { "line": 2, "column": 0 },
                "end": { "line": 2, "column": 0 }
            },
            "2": {
                "start": { "line": 3, "column": 0 },
                "end": { "line": 3, "column": 46 }
            },
            "3": {
                "start": { "line": 4, "column": 0 },
                "end": { "line": 4, "column": 50 }
            },
            "4": {
                "start": { "line": 5, "column": 0 },
                "end": { "line": 5, "column": 21 }
            },
            "5": {
                "start": { "line": 6, "column": 0 },
                "end": { "line": 6, "column": 2 }
            },
            "6": {
                "start": { "line": 7, "column": 0 },
                "end": { "line": 7, "column": 0 }
            },
            "7": {
                "start": { "line": 8, "column": 0 },
                "end": { "line": 8, "column": 43 }
            },
            "8": {
                "start": { "line": 9, "column": 0 },
                "end": { "line": 9, "column": 19 }
            },
            "9": {
                "start": { "line": 10, "column": 0 },
                "end": { "line": 10, "column": 13 }
            },
            "10": {
                "start": { "line": 11, "column": 0 },
                "end": { "line": 11, "column": 11 }
            },
            "11": {
                "start": { "line": 12, "column": 0 },
                "end": { "line": 12, "column": 7 }
            },
            "12": {
                "start": { "line": 13, "column": 0 },
                "end": { "line": 13, "column": 12 }
            },
            "13": {
                "start": { "line": 14, "column": 0 },
                "end": { "line": 14, "column": 15 }
            },
            "14": {
                "start": { "line": 15, "column": 0 },
                "end": { "line": 15, "column": 25 }
            },
            "15": {
                "start": { "line": 16, "column": 0 },
                "end": { "line": 16, "column": 42 }
            },
            "16": {
                "start": { "line": 17, "column": 0 },
                "end": { "line": 17, "column": 21 }
            },
            "17": {
                "start": { "line": 18, "column": 0 },
                "end": { "line": 18, "column": 29 }
            },
            "18": {
                "start": { "line": 19, "column": 0 },
                "end": { "line": 19, "column": 9 }
            },
            "19": {
                "start": { "line": 20, "column": 0 },
                "end": { "line": 20, "column": 22 }
            },
            "20": {
                "start": { "line": 21, "column": 0 },
                "end": { "line": 21, "column": 17 }
            },
            "21": {
                "start": { "line": 22, "column": 0 },
                "end": { "line": 22, "column": 6 }
            },
            "22": {
                "start": { "line": 23, "column": 0 },
                "end": { "line": 23, "column": 2 }
            }
        },
        "s": {
            "0": 1,
            "1": 1,
            "2": 1,
            "3": 1,
            "4": 1,
            "5": 1,
            "6": 1,
            "7": 1,
            "8": 5,
            "9": 5,
            "10": 5,
            "11": 5,
            "12": 5,
            "13": 5,
            "14": 5,
            "15": 5,
            "16": 5,
            "17": 5,
            "18": 5,
            "19": 5,
            "20": 5,
            "21": 5,
            "22": 5
        },
        "branchMap": {
            "0": {
                "type": "branch",
                "line": 8,
                "loc": {
                    "start": { "line": 8, "column": 41 },
                    "end": { "line": 23, "column": 2 }
                },
                "locations": [
                    {
                        "start": { "line": 8, "column": 41 },
                        "end": { "line": 23, "column": 2 }
                    }
                ]
            }
        },
        "b": { "0": [5] },
        "fnMap": {
            "0": {
                "name": "Button",
                "decl": {
                    "start": { "line": 8, "column": 41 },
                    "end": { "line": 23, "column": 2 }
                },
                "loc": {
                    "start": { "line": 8, "column": 41 },
                    "end": { "line": 23, "column": 2 }
                },
                "line": 8
            }
        },
        "f": { "0": 5 }
    },
    "D:\\smartegic-frontend\\src\\app\\_components\\cards\\index.tsx": {
        "path": "D:\\smartegic-frontend\\src\\app\\_components\\cards\\index.tsx",
        "all": false,
        "statementMap": {
            "0": {
                "start": { "line": 1, "column": 0 },
                "end": { "line": 1, "column": 26 }
            },
            "1": {
                "start": { "line": 2, "column": 0 },
                "end": { "line": 2, "column": 0 }
            },
            "2": {
                "start": { "line": 3, "column": 0 },
                "end": { "line": 3, "column": 37 }
            },
            "3": {
                "start": { "line": 4, "column": 0 },
                "end": { "line": 4, "column": 0 }
            },
            "4": {
                "start": { "line": 5, "column": 0 },
                "end": { "line": 5, "column": 38 }
            },
            "5": {
                "start": { "line": 6, "column": 0 },
                "end": { "line": 6, "column": 12 }
            },
            "6": {
                "start": { "line": 7, "column": 0 },
                "end": { "line": 7, "column": 75 }
            },
            "7": {
                "start": { "line": 8, "column": 0 },
                "end": { "line": 8, "column": 82 }
            },
            "8": {
                "start": { "line": 9, "column": 0 },
                "end": { "line": 9, "column": 56 }
            },
            "9": {
                "start": { "line": 10, "column": 0 },
                "end": { "line": 10, "column": 24 }
            },
            "10": {
                "start": { "line": 11, "column": 0 },
                "end": { "line": 11, "column": 41 }
            },
            "11": {
                "start": { "line": 12, "column": 0 },
                "end": { "line": 12, "column": 84 }
            },
            "12": {
                "start": { "line": 13, "column": 0 },
                "end": { "line": 13, "column": 47 }
            },
            "13": {
                "start": { "line": 14, "column": 0 },
                "end": { "line": 14, "column": 21 }
            },
            "14": {
                "start": { "line": 15, "column": 0 },
                "end": { "line": 15, "column": 67 }
            },
            "15": {
                "start": { "line": 16, "column": 0 },
                "end": { "line": 16, "column": 41 }
            },
            "16": {
                "start": { "line": 17, "column": 0 },
                "end": { "line": 17, "column": 29 }
            },
            "17": {
                "start": { "line": 18, "column": 0 },
                "end": { "line": 18, "column": 67 }
            },
            "18": {
                "start": { "line": 19, "column": 0 },
                "end": { "line": 19, "column": 26 }
            },
            "19": {
                "start": { "line": 20, "column": 0 },
                "end": { "line": 20, "column": 19 }
            },
            "20": {
                "start": { "line": 21, "column": 0 },
                "end": { "line": 21, "column": 18 }
            },
            "21": {
                "start": { "line": 22, "column": 0 },
                "end": { "line": 22, "column": 14 }
            },
            "22": {
                "start": { "line": 23, "column": 0 },
                "end": { "line": 23, "column": 6 }
            },
            "23": {
                "start": { "line": 24, "column": 0 },
                "end": { "line": 24, "column": 2 }
            }
        },
        "s": {
            "0": 1,
            "1": 1,
            "2": 1,
            "3": 1,
            "4": 1,
            "5": 2,
            "6": 2,
            "7": 2,
            "8": 2,
            "9": 34,
            "10": 34,
            "11": 2,
            "12": 2,
            "13": 2,
            "14": 2,
            "15": 2,
            "16": 2,
            "17": 2,
            "18": 2,
            "19": 2,
            "20": 2,
            "21": 2,
            "22": 2,
            "23": 2
        },
        "branchMap": {
            "0": {
                "type": "branch",
                "line": 5,
                "loc": {
                    "start": { "line": 5, "column": 31 },
                    "end": { "line": 24, "column": 2 }
                },
                "locations": [
                    {
                        "start": { "line": 5, "column": 31 },
                        "end": { "line": 24, "column": 2 }
                    }
                ]
            },
            "1": {
                "type": "branch",
                "line": 9,
                "loc": {
                    "start": { "line": 9, "column": 24 },
                    "end": { "line": 9, "column": 37 }
                },
                "locations": [
                    {
                        "start": { "line": 9, "column": 24 },
                        "end": { "line": 9, "column": 37 }
                    }
                ]
            },
            "2": {
                "type": "branch",
                "line": 9,
                "loc": {
                    "start": { "line": 9, "column": 43 },
                    "end": { "line": 11, "column": 41 }
                },
                "locations": [
                    {
                        "start": { "line": 9, "column": 43 },
                        "end": { "line": 11, "column": 41 }
                    }
                ]
            }
        },
        "b": { "0": [2], "1": [0], "2": [34] },
        "fnMap": {
            "0": {
                "name": "Cards",
                "decl": {
                    "start": { "line": 5, "column": 31 },
                    "end": { "line": 24, "column": 2 }
                },
                "loc": {
                    "start": { "line": 5, "column": 31 },
                    "end": { "line": 24, "column": 2 }
                },
                "line": 5
            }
        },
        "f": { "0": 2 }
    },
    "D:\\smartegic-frontend\\src\\app\\_components\\container\\index.tsx": {
        "path": "D:\\smartegic-frontend\\src\\app\\_components\\container\\index.tsx",
        "all": false,
        "statementMap": {
            "0": {
                "start": { "line": 1, "column": 0 },
                "end": { "line": 1, "column": 26 }
            },
            "1": {
                "start": { "line": 2, "column": 0 },
                "end": { "line": 2, "column": 0 }
            },
            "2": {
                "start": { "line": 3, "column": 0 },
                "end": { "line": 3, "column": 54 }
            },
            "3": {
                "start": { "line": 4, "column": 0 },
                "end": { "line": 4, "column": 72 }
            },
            "4": {
                "start": { "line": 5, "column": 0 },
                "end": { "line": 5, "column": 2 }
            }
        },
        "s": { "0": 1, "1": 1, "2": 1, "3": 1, "4": 1 },
        "branchMap": {
            "0": {
                "type": "branch",
                "line": 3,
                "loc": {
                    "start": { "line": 3, "column": 35 },
                    "end": { "line": 5, "column": 2 }
                },
                "locations": [
                    {
                        "start": { "line": 3, "column": 35 },
                        "end": { "line": 5, "column": 2 }
                    }
                ]
            }
        },
        "b": { "0": [1] },
        "fnMap": {
            "0": {
                "name": "Container",
                "decl": {
                    "start": { "line": 3, "column": 35 },
                    "end": { "line": 5, "column": 2 }
                },
                "loc": {
                    "start": { "line": 3, "column": 35 },
                    "end": { "line": 5, "column": 2 }
                },
                "line": 3
            }
        },
        "f": { "0": 1 }
    },
    "D:\\smartegic-frontend\\src\\app\\_components\\footer\\index.tsx": {
        "path": "D:\\smartegic-frontend\\src\\app\\_components\\footer\\index.tsx",
        "all": false,
        "statementMap": {
            "0": {
                "start": { "line": 1, "column": 0 },
                "end": { "line": 1, "column": 31 }
            },
            "1": {
                "start": { "line": 2, "column": 0 },
                "end": { "line": 2, "column": 26 }
            },
            "2": {
                "start": { "line": 3, "column": 0 },
                "end": { "line": 3, "column": 0 }
            },
            "3": {
                "start": { "line": 4, "column": 0 },
                "end": { "line": 4, "column": 39 }
            },
            "4": {
                "start": { "line": 5, "column": 0 },
                "end": { "line": 5, "column": 12 }
            },
            "5": {
                "start": { "line": 6, "column": 0 },
                "end": { "line": 6, "column": 54 }
            },
            "6": {
                "start": { "line": 7, "column": 0 },
                "end": { "line": 7, "column": 14 }
            },
            "7": {
                "start": { "line": 8, "column": 0 },
                "end": { "line": 8, "column": 48 }
            },
            "8": {
                "start": { "line": 9, "column": 0 },
                "end": { "line": 9, "column": 31 }
            },
            "9": {
                "start": { "line": 10, "column": 0 },
                "end": { "line": 10, "column": 38 }
            },
            "10": {
                "start": { "line": 11, "column": 0 },
                "end": { "line": 11, "column": 41 }
            },
            "11": {
                "start": { "line": 12, "column": 0 },
                "end": { "line": 12, "column": 13 }
            },
            "12": {
                "start": { "line": 13, "column": 0 },
                "end": { "line": 13, "column": 22 }
            },
            "13": {
                "start": { "line": 14, "column": 0 },
                "end": { "line": 14, "column": 48 }
            },
            "14": {
                "start": { "line": 15, "column": 0 },
                "end": { "line": 15, "column": 32 }
            },
            "15": {
                "start": { "line": 16, "column": 0 },
                "end": { "line": 16, "column": 31 }
            },
            "16": {
                "start": { "line": 17, "column": 0 },
                "end": { "line": 17, "column": 31 }
            },
            "17": {
                "start": { "line": 18, "column": 0 },
                "end": { "line": 18, "column": 18 }
            },
            "18": {
                "start": { "line": 19, "column": 0 },
                "end": { "line": 19, "column": 16 }
            },
            "19": {
                "start": { "line": 20, "column": 0 },
                "end": { "line": 20, "column": 0 }
            },
            "20": {
                "start": { "line": 21, "column": 0 },
                "end": { "line": 21, "column": 15 }
            },
            "21": {
                "start": { "line": 22, "column": 0 },
                "end": { "line": 22, "column": 65 }
            },
            "22": {
                "start": { "line": 23, "column": 0 },
                "end": { "line": 23, "column": 45 }
            },
            "23": {
                "start": { "line": 24, "column": 0 },
                "end": { "line": 24, "column": 13 }
            },
            "24": {
                "start": { "line": 25, "column": 0 },
                "end": { "line": 25, "column": 37 }
            },
            "25": {
                "start": { "line": 26, "column": 0 },
                "end": { "line": 26, "column": 26 }
            },
            "26": {
                "start": { "line": 27, "column": 0 },
                "end": { "line": 27, "column": 52 }
            },
            "27": {
                "start": { "line": 28, "column": 0 },
                "end": { "line": 28, "column": 36 }
            },
            "28": {
                "start": { "line": 29, "column": 0 },
                "end": { "line": 29, "column": 34 }
            },
            "29": {
                "start": { "line": 30, "column": 0 },
                "end": { "line": 30, "column": 35 }
            },
            "30": {
                "start": { "line": 31, "column": 0 },
                "end": { "line": 31, "column": 22 }
            },
            "31": {
                "start": { "line": 32, "column": 0 },
                "end": { "line": 32, "column": 21 }
            },
            "32": {
                "start": { "line": 33, "column": 0 },
                "end": { "line": 33, "column": 37 }
            },
            "33": {
                "start": { "line": 34, "column": 0 },
                "end": { "line": 34, "column": 26 }
            },
            "34": {
                "start": { "line": 35, "column": 0 },
                "end": { "line": 35, "column": 53 }
            },
            "35": {
                "start": { "line": 36, "column": 0 },
                "end": { "line": 36, "column": 36 }
            },
            "36": {
                "start": { "line": 37, "column": 0 },
                "end": { "line": 37, "column": 34 }
            },
            "37": {
                "start": { "line": 38, "column": 0 },
                "end": { "line": 38, "column": 35 }
            },
            "38": {
                "start": { "line": 39, "column": 0 },
                "end": { "line": 39, "column": 22 }
            },
            "39": {
                "start": { "line": 40, "column": 0 },
                "end": { "line": 40, "column": 21 }
            },
            "40": {
                "start": { "line": 41, "column": 0 },
                "end": { "line": 41, "column": 37 }
            },
            "41": {
                "start": { "line": 42, "column": 0 },
                "end": { "line": 42, "column": 26 }
            },
            "42": {
                "start": { "line": 43, "column": 0 },
                "end": { "line": 43, "column": 53 }
            },
            "43": {
                "start": { "line": 44, "column": 0 },
                "end": { "line": 44, "column": 37 }
            },
            "44": {
                "start": { "line": 45, "column": 0 },
                "end": { "line": 45, "column": 34 }
            },
            "45": {
                "start": { "line": 46, "column": 0 },
                "end": { "line": 46, "column": 35 }
            },
            "46": {
                "start": { "line": 47, "column": 0 },
                "end": { "line": 47, "column": 22 }
            },
            "47": {
                "start": { "line": 48, "column": 0 },
                "end": { "line": 48, "column": 21 }
            },
            "48": {
                "start": { "line": 49, "column": 0 },
                "end": { "line": 49, "column": 37 }
            },
            "49": {
                "start": { "line": 50, "column": 0 },
                "end": { "line": 50, "column": 26 }
            },
            "50": {
                "start": { "line": 51, "column": 0 },
                "end": { "line": 51, "column": 54 }
            },
            "51": {
                "start": { "line": 52, "column": 0 },
                "end": { "line": 52, "column": 38 }
            },
            "52": {
                "start": { "line": 53, "column": 0 },
                "end": { "line": 53, "column": 34 }
            },
            "53": {
                "start": { "line": 54, "column": 0 },
                "end": { "line": 54, "column": 35 }
            },
            "54": {
                "start": { "line": 55, "column": 0 },
                "end": { "line": 55, "column": 22 }
            },
            "55": {
                "start": { "line": 56, "column": 0 },
                "end": { "line": 56, "column": 21 }
            },
            "56": {
                "start": { "line": 57, "column": 0 },
                "end": { "line": 57, "column": 17 }
            },
            "57": {
                "start": { "line": 58, "column": 0 },
                "end": { "line": 58, "column": 14 }
            },
            "58": {
                "start": { "line": 59, "column": 0 },
                "end": { "line": 59, "column": 6 }
            },
            "59": {
                "start": { "line": 60, "column": 0 },
                "end": { "line": 60, "column": 2 }
            }
        },
        "s": {
            "0": 1,
            "1": 1,
            "2": 1,
            "3": 1,
            "4": 4,
            "5": 4,
            "6": 4,
            "7": 4,
            "8": 4,
            "9": 4,
            "10": 4,
            "11": 4,
            "12": 4,
            "13": 4,
            "14": 4,
            "15": 4,
            "16": 4,
            "17": 4,
            "18": 4,
            "19": 4,
            "20": 4,
            "21": 4,
            "22": 4,
            "23": 4,
            "24": 4,
            "25": 4,
            "26": 4,
            "27": 4,
            "28": 4,
            "29": 4,
            "30": 4,
            "31": 4,
            "32": 4,
            "33": 4,
            "34": 4,
            "35": 4,
            "36": 4,
            "37": 4,
            "38": 4,
            "39": 4,
            "40": 4,
            "41": 4,
            "42": 4,
            "43": 4,
            "44": 4,
            "45": 4,
            "46": 4,
            "47": 4,
            "48": 4,
            "49": 4,
            "50": 4,
            "51": 4,
            "52": 4,
            "53": 4,
            "54": 4,
            "55": 4,
            "56": 4,
            "57": 4,
            "58": 4,
            "59": 4
        },
        "branchMap": {
            "0": {
                "type": "branch",
                "line": 4,
                "loc": {
                    "start": { "line": 4, "column": 32 },
                    "end": { "line": 60, "column": 2 }
                },
                "locations": [
                    {
                        "start": { "line": 4, "column": 32 },
                        "end": { "line": 60, "column": 2 }
                    }
                ]
            }
        },
        "b": { "0": [4] },
        "fnMap": {
            "0": {
                "name": "Footer",
                "decl": {
                    "start": { "line": 4, "column": 32 },
                    "end": { "line": 60, "column": 2 }
                },
                "loc": {
                    "start": { "line": 4, "column": 32 },
                    "end": { "line": 60, "column": 2 }
                },
                "line": 4
            }
        },
        "f": { "0": 4 }
    },
    "D:\\smartegic-frontend\\src\\app\\_components\\header\\index.tsx": {
        "path": "D:\\smartegic-frontend\\src\\app\\_components\\header\\index.tsx",
        "all": false,
        "statementMap": {
            "0": {
                "start": { "line": 1, "column": 0 },
                "end": { "line": 1, "column": 26 }
            },
            "1": {
                "start": { "line": 2, "column": 0 },
                "end": { "line": 2, "column": 0 }
            },
            "2": {
                "start": { "line": 3, "column": 0 },
                "end": { "line": 3, "column": 35 }
            },
            "3": {
                "start": { "line": 4, "column": 0 },
                "end": { "line": 4, "column": 55 }
            },
            "4": {
                "start": { "line": 5, "column": 0 },
                "end": { "line": 5, "column": 0 }
            },
            "5": {
                "start": { "line": 6, "column": 0 },
                "end": { "line": 6, "column": 39 }
            },
            "6": {
                "start": { "line": 7, "column": 0 },
                "end": { "line": 7, "column": 12 }
            },
            "7": {
                "start": { "line": 8, "column": 0 },
                "end": { "line": 8, "column": 12 }
            },
            "8": {
                "start": { "line": 9, "column": 0 },
                "end": { "line": 9, "column": 109 }
            },
            "9": {
                "start": { "line": 10, "column": 0 },
                "end": { "line": 10, "column": 35 }
            },
            "10": {
                "start": { "line": 11, "column": 0 },
                "end": { "line": 11, "column": 9 }
            },
            "11": {
                "start": { "line": 12, "column": 0 },
                "end": { "line": 12, "column": 20 }
            },
            "12": {
                "start": { "line": 13, "column": 0 },
                "end": { "line": 13, "column": 16 }
            },
            "13": {
                "start": { "line": 14, "column": 0 },
                "end": { "line": 14, "column": 34 }
            },
            "14": {
                "start": { "line": 15, "column": 0 },
                "end": { "line": 15, "column": 17 }
            },
            "15": {
                "start": { "line": 16, "column": 0 },
                "end": { "line": 16, "column": 14 }
            },
            "16": {
                "start": { "line": 17, "column": 0 },
                "end": { "line": 17, "column": 6 }
            },
            "17": {
                "start": { "line": 18, "column": 0 },
                "end": { "line": 18, "column": 2 }
            }
        },
        "s": {
            "0": 1,
            "1": 1,
            "2": 1,
            "3": 1,
            "4": 1,
            "5": 1,
            "6": 1,
            "7": 1,
            "8": 1,
            "9": 1,
            "10": 1,
            "11": 1,
            "12": 1,
            "13": 1,
            "14": 1,
            "15": 1,
            "16": 1,
            "17": 1
        },
        "branchMap": {
            "0": {
                "type": "branch",
                "line": 6,
                "loc": {
                    "start": { "line": 6, "column": 32 },
                    "end": { "line": 18, "column": 2 }
                },
                "locations": [
                    {
                        "start": { "line": 6, "column": 32 },
                        "end": { "line": 18, "column": 2 }
                    }
                ]
            }
        },
        "b": { "0": [1] },
        "fnMap": {
            "0": {
                "name": "Header",
                "decl": {
                    "start": { "line": 6, "column": 32 },
                    "end": { "line": 18, "column": 2 }
                },
                "loc": {
                    "start": { "line": 6, "column": 32 },
                    "end": { "line": 18, "column": 2 }
                },
                "line": 6
            }
        },
        "f": { "0": 1 }
    },
    "D:\\smartegic-frontend\\src\\app\\_components\\lang-switcher\\index.tsx": {
        "path": "D:\\smartegic-frontend\\src\\app\\_components\\lang-switcher\\index.tsx",
        "all": false,
        "statementMap": {
            "0": {
                "start": { "line": 1, "column": 0 },
                "end": { "line": 1, "column": 13 }
            },
            "1": {
                "start": { "line": 2, "column": 0 },
                "end": { "line": 2, "column": 0 }
            },
            "2": {
                "start": { "line": 3, "column": 0 },
                "end": { "line": 3, "column": 26 }
            },
            "3": {
                "start": { "line": 4, "column": 0 },
                "end": { "line": 4, "column": 29 }
            },
            "4": {
                "start": { "line": 5, "column": 0 },
                "end": { "line": 5, "column": 46 }
            },
            "5": {
                "start": { "line": 6, "column": 0 },
                "end": { "line": 6, "column": 0 }
            },
            "6": {
                "start": { "line": 7, "column": 0 },
                "end": { "line": 7, "column": 47 }
            },
            "7": {
                "start": { "line": 8, "column": 0 },
                "end": { "line": 8, "column": 0 }
            },
            "8": {
                "start": { "line": 9, "column": 0 },
                "end": { "line": 9, "column": 61 }
            },
            "9": {
                "start": { "line": 10, "column": 0 },
                "end": { "line": 10, "column": 35 }
            },
            "10": {
                "start": { "line": 11, "column": 0 },
                "end": { "line": 11, "column": 0 }
            },
            "11": {
                "start": { "line": 12, "column": 0 },
                "end": { "line": 12, "column": 52 }
            },
            "12": {
                "start": { "line": 13, "column": 0 },
                "end": { "line": 13, "column": 34 }
            },
            "13": {
                "start": { "line": 14, "column": 0 },
                "end": { "line": 14, "column": 45 }
            },
            "14": {
                "start": { "line": 15, "column": 0 },
                "end": { "line": 15, "column": 29 }
            },
            "15": {
                "start": { "line": 16, "column": 0 },
                "end": { "line": 16, "column": 34 }
            },
            "16": {
                "start": { "line": 17, "column": 0 },
                "end": { "line": 17, "column": 6 }
            },
            "17": {
                "start": { "line": 18, "column": 0 },
                "end": { "line": 18, "column": 0 }
            },
            "18": {
                "start": { "line": 19, "column": 0 },
                "end": { "line": 19, "column": 12 }
            },
            "19": {
                "start": { "line": 20, "column": 0 },
                "end": { "line": 20, "column": 39 }
            },
            "20": {
                "start": { "line": 21, "column": 0 },
                "end": { "line": 21, "column": 43 }
            },
            "21": {
                "start": { "line": 22, "column": 0 },
                "end": { "line": 22, "column": 24 }
            },
            "22": {
                "start": { "line": 23, "column": 0 },
                "end": { "line": 23, "column": 37 }
            },
            "23": {
                "start": { "line": 24, "column": 0 },
                "end": { "line": 24, "column": 29 }
            },
            "24": {
                "start": { "line": 25, "column": 0 },
                "end": { "line": 25, "column": 61 }
            },
            "25": {
                "start": { "line": 26, "column": 0 },
                "end": { "line": 26, "column": 99 }
            },
            "26": {
                "start": { "line": 27, "column": 0 },
                "end": { "line": 27, "column": 25 }
            },
            "27": {
                "start": { "line": 28, "column": 0 },
                "end": { "line": 28, "column": 64 }
            },
            "28": {
                "start": { "line": 29, "column": 0 },
                "end": { "line": 29, "column": 31 }
            },
            "29": {
                "start": { "line": 30, "column": 0 },
                "end": { "line": 30, "column": 25 }
            },
            "30": {
                "start": { "line": 31, "column": 0 },
                "end": { "line": 31, "column": 18 }
            },
            "31": {
                "start": { "line": 32, "column": 0 },
                "end": { "line": 32, "column": 15 }
            },
            "32": {
                "start": { "line": 33, "column": 0 },
                "end": { "line": 33, "column": 13 }
            },
            "33": {
                "start": { "line": 34, "column": 0 },
                "end": { "line": 34, "column": 6 }
            },
            "34": {
                "start": { "line": 35, "column": 0 },
                "end": { "line": 35, "column": 1 }
            }
        },
        "s": {
            "0": 1,
            "1": 1,
            "2": 1,
            "3": 1,
            "4": 1,
            "5": 1,
            "6": 1,
            "7": 1,
            "8": 1,
            "9": 1,
            "10": 1,
            "11": 1,
            "12": 2,
            "13": 0,
            "14": 0,
            "15": 0,
            "16": 0,
            "17": 1,
            "18": 1,
            "19": 1,
            "20": 1,
            "21": 2,
            "22": 2,
            "23": 2,
            "24": 2,
            "25": 2,
            "26": 2,
            "27": 2,
            "28": 2,
            "29": 2,
            "30": 2,
            "31": 2,
            "32": 1,
            "33": 1,
            "34": 1
        },
        "branchMap": {
            "0": {
                "type": "branch",
                "line": 9,
                "loc": {
                    "start": { "line": 9, "column": 15 },
                    "end": { "line": 35, "column": 1 }
                },
                "locations": [
                    {
                        "start": { "line": 9, "column": 15 },
                        "end": { "line": 35, "column": 1 }
                    }
                ]
            },
            "1": {
                "type": "branch",
                "line": 12,
                "loc": {
                    "start": { "line": 12, "column": 31 },
                    "end": { "line": 17, "column": 6 }
                },
                "locations": [
                    {
                        "start": { "line": 12, "column": 31 },
                        "end": { "line": 17, "column": 6 }
                    }
                ]
            },
            "2": {
                "type": "branch",
                "line": 13,
                "loc": {
                    "start": { "line": 13, "column": 30 },
                    "end": { "line": 17, "column": 6 }
                },
                "locations": [
                    {
                        "start": { "line": 13, "column": 30 },
                        "end": { "line": 17, "column": 6 }
                    }
                ]
            },
            "3": {
                "type": "branch",
                "line": 21,
                "loc": {
                    "start": { "line": 21, "column": 30 },
                    "end": { "line": 32, "column": 15 }
                },
                "locations": [
                    {
                        "start": { "line": 21, "column": 30 },
                        "end": { "line": 32, "column": 15 }
                    }
                ]
            },
            "4": {
                "type": "branch",
                "line": 28,
                "loc": {
                    "start": { "line": 28, "column": 40 },
                    "end": { "line": 28, "column": 57 }
                },
                "locations": [
                    {
                        "start": { "line": 28, "column": 40 },
                        "end": { "line": 28, "column": 57 }
                    }
                ]
            },
            "5": {
                "type": "branch",
                "line": 28,
                "loc": {
                    "start": { "line": 28, "column": 47 },
                    "end": { "line": 28, "column": 64 }
                },
                "locations": [
                    {
                        "start": { "line": 28, "column": 47 },
                        "end": { "line": 28, "column": 64 }
                    }
                ]
            }
        },
        "b": { "0": [1], "1": [2], "2": [0], "3": [2], "4": [1], "5": [1] },
        "fnMap": {
            "0": {
                "name": "LocaleSwitcher",
                "decl": {
                    "start": { "line": 9, "column": 15 },
                    "end": { "line": 35, "column": 1 }
                },
                "loc": {
                    "start": { "line": 9, "column": 15 },
                    "end": { "line": 35, "column": 1 }
                },
                "line": 9
            },
            "1": {
                "name": "redirectedPathName",
                "decl": {
                    "start": { "line": 12, "column": 31 },
                    "end": { "line": 17, "column": 6 }
                },
                "loc": {
                    "start": { "line": 12, "column": 31 },
                    "end": { "line": 17, "column": 6 }
                },
                "line": 12
            }
        },
        "f": { "0": 1, "1": 2 }
    },
    "D:\\smartegic-frontend\\src\\app\\_components\\logo\\index.tsx": {
        "path": "D:\\smartegic-frontend\\src\\app\\_components\\logo\\index.tsx",
        "all": false,
        "statementMap": {
            "0": {
                "start": { "line": 1, "column": 0 },
                "end": { "line": 1, "column": 34 }
            },
            "1": {
                "start": { "line": 2, "column": 0 },
                "end": { "line": 2, "column": 26 }
            },
            "2": {
                "start": { "line": 3, "column": 0 },
                "end": { "line": 3, "column": 0 }
            },
            "3": {
                "start": { "line": 4, "column": 0 },
                "end": { "line": 4, "column": 37 }
            },
            "4": {
                "start": { "line": 5, "column": 0 },
                "end": { "line": 5, "column": 12 }
            },
            "5": {
                "start": { "line": 6, "column": 0 },
                "end": { "line": 6, "column": 17 }
            },
            "6": {
                "start": { "line": 7, "column": 0 },
                "end": { "line": 7, "column": 43 }
            },
            "7": {
                "start": { "line": 8, "column": 0 },
                "end": { "line": 8, "column": 27 }
            },
            "8": {
                "start": { "line": 9, "column": 0 },
                "end": { "line": 9, "column": 25 }
            },
            "9": {
                "start": { "line": 10, "column": 0 },
                "end": { "line": 10, "column": 26 }
            },
            "10": {
                "start": { "line": 11, "column": 0 },
                "end": { "line": 11, "column": 13 }
            },
            "11": {
                "start": { "line": 12, "column": 0 },
                "end": { "line": 12, "column": 15 }
            },
            "12": {
                "start": { "line": 13, "column": 0 },
                "end": { "line": 13, "column": 6 }
            },
            "13": {
                "start": { "line": 14, "column": 0 },
                "end": { "line": 14, "column": 2 }
            }
        },
        "s": {
            "0": 1,
            "1": 1,
            "2": 1,
            "3": 1,
            "4": 2,
            "5": 2,
            "6": 2,
            "7": 2,
            "8": 2,
            "9": 2,
            "10": 2,
            "11": 2,
            "12": 2,
            "13": 2
        },
        "branchMap": {
            "0": {
                "type": "branch",
                "line": 4,
                "loc": {
                    "start": { "line": 4, "column": 30 },
                    "end": { "line": 14, "column": 2 }
                },
                "locations": [
                    {
                        "start": { "line": 4, "column": 30 },
                        "end": { "line": 14, "column": 2 }
                    }
                ]
            }
        },
        "b": { "0": [2] },
        "fnMap": {
            "0": {
                "name": "Logo",
                "decl": {
                    "start": { "line": 4, "column": 30 },
                    "end": { "line": 14, "column": 2 }
                },
                "loc": {
                    "start": { "line": 4, "column": 30 },
                    "end": { "line": 14, "column": 2 }
                },
                "line": 4
            }
        },
        "f": { "0": 2 }
    },
    "D:\\smartegic-frontend\\src\\app\\_components\\main\\index.tsx": {
        "path": "D:\\smartegic-frontend\\src\\app\\_components\\main\\index.tsx",
        "all": false,
        "statementMap": {
            "0": {
                "start": { "line": 1, "column": 0 },
                "end": { "line": 1, "column": 26 }
            },
            "1": {
                "start": { "line": 2, "column": 0 },
                "end": { "line": 2, "column": 0 }
            },
            "2": {
                "start": { "line": 3, "column": 0 },
                "end": { "line": 3, "column": 37 }
            },
            "3": {
                "start": { "line": 4, "column": 0 },
                "end": { "line": 4, "column": 31 }
            },
            "4": {
                "start": { "line": 5, "column": 0 },
                "end": { "line": 5, "column": 29 }
            },
            "5": {
                "start": { "line": 6, "column": 0 },
                "end": { "line": 6, "column": 0 }
            },
            "6": {
                "start": { "line": 7, "column": 0 },
                "end": { "line": 7, "column": 37 }
            },
            "7": {
                "start": { "line": 8, "column": 0 },
                "end": { "line": 8, "column": 12 }
            },
            "8": {
                "start": { "line": 9, "column": 0 },
                "end": { "line": 9, "column": 12 }
            },
            "9": {
                "start": { "line": 10, "column": 0 },
                "end": { "line": 10, "column": 20 }
            },
            "10": {
                "start": { "line": 11, "column": 0 },
                "end": { "line": 11, "column": 32 }
            },
            "11": {
                "start": { "line": 12, "column": 0 },
                "end": { "line": 12, "column": 40 }
            },
            "12": {
                "start": { "line": 13, "column": 0 },
                "end": { "line": 13, "column": 41 }
            },
            "13": {
                "start": { "line": 14, "column": 0 },
                "end": { "line": 14, "column": 37 }
            },
            "14": {
                "start": { "line": 15, "column": 0 },
                "end": { "line": 15, "column": 36 }
            },
            "15": {
                "start": { "line": 16, "column": 0 },
                "end": { "line": 16, "column": 31 }
            },
            "16": {
                "start": { "line": 17, "column": 0 },
                "end": { "line": 17, "column": 34 }
            },
            "17": {
                "start": { "line": 18, "column": 0 },
                "end": { "line": 18, "column": 14 }
            },
            "18": {
                "start": { "line": 19, "column": 0 },
                "end": { "line": 19, "column": 9 }
            },
            "19": {
                "start": { "line": 20, "column": 0 },
                "end": { "line": 20, "column": 17 }
            },
            "20": {
                "start": { "line": 21, "column": 0 },
                "end": { "line": 21, "column": 60 }
            },
            "21": {
                "start": { "line": 22, "column": 0 },
                "end": { "line": 22, "column": 61 }
            },
            "22": {
                "start": { "line": 23, "column": 0 },
                "end": { "line": 23, "column": 57 }
            },
            "23": {
                "start": { "line": 24, "column": 0 },
                "end": { "line": 24, "column": 20 }
            },
            "24": {
                "start": { "line": 25, "column": 0 },
                "end": { "line": 25, "column": 18 }
            },
            "25": {
                "start": { "line": 26, "column": 0 },
                "end": { "line": 26, "column": 36 }
            },
            "26": {
                "start": { "line": 27, "column": 0 },
                "end": { "line": 27, "column": 63 }
            },
            "27": {
                "start": { "line": 28, "column": 0 },
                "end": { "line": 28, "column": 35 }
            },
            "28": {
                "start": { "line": 29, "column": 0 },
                "end": { "line": 29, "column": 17 }
            },
            "29": {
                "start": { "line": 30, "column": 0 },
                "end": { "line": 30, "column": 41 }
            },
            "30": {
                "start": { "line": 31, "column": 0 },
                "end": { "line": 31, "column": 20 }
            },
            "31": {
                "start": { "line": 32, "column": 0 },
                "end": { "line": 32, "column": 18 }
            },
            "32": {
                "start": { "line": 33, "column": 0 },
                "end": { "line": 33, "column": 16 }
            },
            "33": {
                "start": { "line": 34, "column": 0 },
                "end": { "line": 34, "column": 24 }
            },
            "34": {
                "start": { "line": 35, "column": 0 },
                "end": { "line": 35, "column": 38 }
            },
            "35": {
                "start": { "line": 36, "column": 0 },
                "end": { "line": 36, "column": 36 }
            },
            "36": {
                "start": { "line": 37, "column": 0 },
                "end": { "line": 37, "column": 44 }
            },
            "37": {
                "start": { "line": 38, "column": 0 },
                "end": { "line": 38, "column": 33 }
            },
            "38": {
                "start": { "line": 39, "column": 0 },
                "end": { "line": 39, "column": 47 }
            },
            "39": {
                "start": { "line": 40, "column": 0 },
                "end": { "line": 40, "column": 35 }
            },
            "40": {
                "start": { "line": 41, "column": 0 },
                "end": { "line": 41, "column": 36 }
            },
            "41": {
                "start": { "line": 42, "column": 0 },
                "end": { "line": 42, "column": 41 }
            },
            "42": {
                "start": { "line": 43, "column": 0 },
                "end": { "line": 43, "column": 34 }
            },
            "43": {
                "start": { "line": 44, "column": 0 },
                "end": { "line": 44, "column": 18 }
            },
            "44": {
                "start": { "line": 45, "column": 0 },
                "end": { "line": 45, "column": 13 }
            },
            "45": {
                "start": { "line": 46, "column": 0 },
                "end": { "line": 46, "column": 75 }
            },
            "46": {
                "start": { "line": 47, "column": 0 },
                "end": { "line": 47, "column": 19 }
            },
            "47": {
                "start": { "line": 48, "column": 0 },
                "end": { "line": 48, "column": 79 }
            },
            "48": {
                "start": { "line": 49, "column": 0 },
                "end": { "line": 49, "column": 55 }
            },
            "49": {
                "start": { "line": 50, "column": 0 },
                "end": { "line": 50, "column": 22 }
            },
            "50": {
                "start": { "line": 51, "column": 0 },
                "end": { "line": 51, "column": 59 }
            },
            "51": {
                "start": { "line": 52, "column": 0 },
                "end": { "line": 52, "column": 62 }
            },
            "52": {
                "start": { "line": 53, "column": 0 },
                "end": { "line": 53, "column": 39 }
            },
            "53": {
                "start": { "line": 54, "column": 0 },
                "end": { "line": 54, "column": 21 }
            },
            "54": {
                "start": { "line": 55, "column": 0 },
                "end": { "line": 55, "column": 30 }
            },
            "55": {
                "start": { "line": 56, "column": 0 },
                "end": { "line": 56, "column": 24 }
            },
            "56": {
                "start": { "line": 57, "column": 0 },
                "end": { "line": 57, "column": 78 }
            },
            "57": {
                "start": { "line": 58, "column": 0 },
                "end": { "line": 58, "column": 47 }
            },
            "58": {
                "start": { "line": 59, "column": 0 },
                "end": { "line": 59, "column": 20 }
            },
            "59": {
                "start": { "line": 60, "column": 0 },
                "end": { "line": 60, "column": 22 }
            },
            "60": {
                "start": { "line": 61, "column": 0 },
                "end": { "line": 61, "column": 19 }
            },
            "61": {
                "start": { "line": 62, "column": 0 },
                "end": { "line": 62, "column": 28 }
            },
            "62": {
                "start": { "line": 63, "column": 0 },
                "end": { "line": 63, "column": 22 }
            },
            "63": {
                "start": { "line": 64, "column": 0 },
                "end": { "line": 64, "column": 59 }
            },
            "64": {
                "start": { "line": 65, "column": 0 },
                "end": { "line": 65, "column": 62 }
            },
            "65": {
                "start": { "line": 66, "column": 0 },
                "end": { "line": 66, "column": 39 }
            },
            "66": {
                "start": { "line": 67, "column": 0 },
                "end": { "line": 67, "column": 21 }
            },
            "67": {
                "start": { "line": 68, "column": 0 },
                "end": { "line": 68, "column": 30 }
            },
            "68": {
                "start": { "line": 69, "column": 0 },
                "end": { "line": 69, "column": 29 }
            },
            "69": {
                "start": { "line": 70, "column": 0 },
                "end": { "line": 70, "column": 72 }
            },
            "70": {
                "start": { "line": 71, "column": 0 },
                "end": { "line": 71, "column": 36 }
            },
            "71": {
                "start": { "line": 72, "column": 0 },
                "end": { "line": 72, "column": 75 }
            },
            "72": {
                "start": { "line": 73, "column": 0 },
                "end": { "line": 73, "column": 20 }
            },
            "73": {
                "start": { "line": 74, "column": 0 },
                "end": { "line": 74, "column": 21 }
            },
            "74": {
                "start": { "line": 75, "column": 0 },
                "end": { "line": 75, "column": 37 }
            },
            "75": {
                "start": { "line": 76, "column": 0 },
                "end": { "line": 76, "column": 58 }
            },
            "76": {
                "start": { "line": 77, "column": 0 },
                "end": { "line": 77, "column": 35 }
            },
            "77": {
                "start": { "line": 78, "column": 0 },
                "end": { "line": 78, "column": 32 }
            },
            "78": {
                "start": { "line": 79, "column": 0 },
                "end": { "line": 79, "column": 17 }
            },
            "79": {
                "start": { "line": 80, "column": 0 },
                "end": { "line": 80, "column": 26 }
            },
            "80": {
                "start": { "line": 81, "column": 0 },
                "end": { "line": 81, "column": 34 }
            },
            "81": {
                "start": { "line": 82, "column": 0 },
                "end": { "line": 82, "column": 35 }
            },
            "82": {
                "start": { "line": 83, "column": 0 },
                "end": { "line": 83, "column": 45 }
            },
            "83": {
                "start": { "line": 84, "column": 0 },
                "end": { "line": 84, "column": 34 }
            },
            "84": {
                "start": { "line": 85, "column": 0 },
                "end": { "line": 85, "column": 123 }
            },
            "85": {
                "start": { "line": 86, "column": 0 },
                "end": { "line": 86, "column": 22 }
            },
            "86": {
                "start": { "line": 87, "column": 0 },
                "end": { "line": 87, "column": 23 }
            },
            "87": {
                "start": { "line": 88, "column": 0 },
                "end": { "line": 88, "column": 18 }
            },
            "88": {
                "start": { "line": 89, "column": 0 },
                "end": { "line": 89, "column": 14 }
            },
            "89": {
                "start": { "line": 90, "column": 0 },
                "end": { "line": 90, "column": 6 }
            },
            "90": {
                "start": { "line": 91, "column": 0 },
                "end": { "line": 91, "column": 2 }
            }
        },
        "s": {
            "0": 1,
            "1": 1,
            "2": 1,
            "3": 1,
            "4": 1,
            "5": 1,
            "6": 1,
            "7": 4,
            "8": 4,
            "9": 4,
            "10": 4,
            "11": 4,
            "12": 4,
            "13": 4,
            "14": 4,
            "15": 4,
            "16": 4,
            "17": 4,
            "18": 4,
            "19": 4,
            "20": 4,
            "21": 4,
            "22": 4,
            "23": 4,
            "24": 4,
            "25": 4,
            "26": 4,
            "27": 4,
            "28": 4,
            "29": 4,
            "30": 4,
            "31": 4,
            "32": 4,
            "33": 4,
            "34": 4,
            "35": 4,
            "36": 4,
            "37": 4,
            "38": 4,
            "39": 4,
            "40": 4,
            "41": 4,
            "42": 4,
            "43": 4,
            "44": 4,
            "45": 4,
            "46": 4,
            "47": 4,
            "48": 4,
            "49": 4,
            "50": 4,
            "51": 4,
            "52": 4,
            "53": 4,
            "54": 4,
            "55": 4,
            "56": 4,
            "57": 4,
            "58": 4,
            "59": 4,
            "60": 4,
            "61": 4,
            "62": 4,
            "63": 4,
            "64": 4,
            "65": 4,
            "66": 4,
            "67": 4,
            "68": 4,
            "69": 4,
            "70": 4,
            "71": 4,
            "72": 4,
            "73": 4,
            "74": 4,
            "75": 4,
            "76": 4,
            "77": 4,
            "78": 4,
            "79": 4,
            "80": 4,
            "81": 4,
            "82": 4,
            "83": 4,
            "84": 4,
            "85": 4,
            "86": 4,
            "87": 4,
            "88": 4,
            "89": 4,
            "90": 4
        },
        "branchMap": {
            "0": {
                "type": "branch",
                "line": 7,
                "loc": {
                    "start": { "line": 7, "column": 30 },
                    "end": { "line": 91, "column": 2 }
                },
                "locations": [
                    {
                        "start": { "line": 7, "column": 30 },
                        "end": { "line": 91, "column": 2 }
                    }
                ]
            }
        },
        "b": { "0": [4] },
        "fnMap": {
            "0": {
                "name": "Main",
                "decl": {
                    "start": { "line": 7, "column": 30 },
                    "end": { "line": 91, "column": 2 }
                },
                "loc": {
                    "start": { "line": 7, "column": 30 },
                    "end": { "line": 91, "column": 2 }
                },
                "line": 7
            }
        },
        "f": { "0": 4 }
    }
}
